{"level":"info","message":"Server is running on port 4000","timestamp":"2024-11-06T08:32:28.500Z"}
{"level":"info","message":"Server is running on port 4000","timestamp":"2024-11-06T08:33:57.046Z"}
{"level":"info","message":"Server is running on port 4000","timestamp":"2024-11-06T08:34:39.700Z"}
{"level":"info","message":"Server is running on port 4000","timestamp":"2024-11-06T08:35:14.662Z"}
{"level":"info","message":"Server is running on port 4000","timestamp":"2024-11-06T08:35:20.839Z"}
{"level":"info","message":"Server is running on port 4000","timestamp":"2024-11-06T08:36:04.161Z"}
{"level":"info","message":"Server is running on port 4000","timestamp":"2024-11-06T08:36:19.411Z"}
{"level":"info","message":"Server is running on port 4000","timestamp":"2024-11-06T12:31:59.963Z"}
{"level":"info","message":"Server is running on port 4000","timestamp":"2024-11-06T12:32:26.437Z"}
{"level":"info","message":"Server is running on port 4000","timestamp":"2024-11-06T12:39:12.401Z"}
{"level":"info","message":"Server is running on port 4000","timestamp":"2024-11-06T12:40:14.723Z"}
{"level":"info","message":"Server is running on port 4000","timestamp":"2024-11-06T12:41:02.727Z"}
{"level":"info","message":"Server is running on port 4000","timestamp":"2024-11-06T12:42:43.953Z"}
{"level":"info","message":"Server is running on port 4000","timestamp":"2024-11-06T12:42:52.175Z"}
{"level":"info","message":"Server is running on port 4000","timestamp":"2024-11-06T12:51:31.711Z"}
{"level":"info","message":"Server is running on port 5000","timestamp":"2024-11-06T12:58:35.326Z"}
{"level":"info","message":"::1 - - [06/Nov/2024:13:00:25 +0000] \"GET /health HTTP/1.1\" 200 108 \"-\" \"Mozilla/5.0 (Windows NT 10.0; Win64; x64) AppleWebKit/537.36 (KHTML, like Gecko) Chrome/130.0.0.0 Safari/537.36\"","timestamp":"2024-11-06T13:00:25.047Z"}
{"level":"info","message":"::1 - - [06/Nov/2024:13:00:26 +0000] \"GET /favicon.ico HTTP/1.1\" 404 59 \"http://localhost:5000/health\" \"Mozilla/5.0 (Windows NT 10.0; Win64; x64) AppleWebKit/537.36 (KHTML, like Gecko) Chrome/130.0.0.0 Safari/537.36\"","timestamp":"2024-11-06T13:00:26.366Z"}
{"level":"info","message":"::1 - - [06/Nov/2024:13:00:42 +0000] \"GET /health HTTP/1.1\" 200 108 \"-\" \"PostmanRuntime/7.42.0\"","timestamp":"2024-11-06T13:00:42.960Z"}
{"level":"info","message":"::1 - - [06/Nov/2024:13:03:47 +0000] \"POST /user HTTP/1.1\" 404 59 \"-\" \"PostmanRuntime/7.42.0\"","timestamp":"2024-11-06T13:03:47.402Z"}
{"level":"info","message":"Server is running on port 5000","timestamp":"2024-11-06T13:05:56.192Z"}
{"level":"info","message":"Server is running on port 5000","timestamp":"2024-11-06T13:08:15.879Z"}
{"level":"info","message":"Server is running on port 5000","timestamp":"2024-11-06T13:09:16.077Z"}
{"level":"info","message":"::1 - - [06/Nov/2024:13:09:19 +0000] \"POST /user HTTP/1.1\" 404 59 \"-\" \"PostmanRuntime/7.42.0\"","timestamp":"2024-11-06T13:09:19.840Z"}
{"level":"info","message":"::1 - - [06/Nov/2024:13:09:27 +0000] \"POST /user HTTP/1.1\" 404 59 \"-\" \"PostmanRuntime/7.42.0\"","timestamp":"2024-11-06T13:09:27.730Z"}
{"level":"info","message":"Server is running on port 5000","timestamp":"2024-11-06T13:13:41.763Z"}
{"level":"info","message":"::1 - - [06/Nov/2024:13:13:47 +0000] \"POST /user HTTP/1.1\" 404 59 \"-\" \"PostmanRuntime/7.42.0\"","timestamp":"2024-11-06T13:13:47.747Z"}
{"level":"info","message":"::1 - - [06/Nov/2024:13:15:00 +0000] \"POST /api/v1/user HTTP/1.1\" 404 59 \"-\" \"PostmanRuntime/7.42.0\"","timestamp":"2024-11-06T13:15:00.850Z"}
{"level":"error","message":"Error: Failed to create user: insert into `users` (`createdAt`, `email`, `firstName`, `id`, `lastName`, `password`, `phoneNumber`, `updatedAt`) values ('2024-11-06 14:17:26.515', 'elcollinz@gmail.com', 'Collins', '6e110a22-f3df-4eae-9a5a-b8edfc350d39', 'Charles', '$2b$10$lT.GEdKIOLHsRl6Uea2md.3VKa1kyeGDa/SbRkp1Btq6nkb.9jrv2', '+2347054675026', '2024-11-06 14:17:26.515') - Table 'sql5742991.users' doesn't exist","stack":"Error: Failed to create user: insert into `users` (`createdAt`, `email`, `firstName`, `id`, `lastName`, `password`, `phoneNumber`, `updatedAt`) values ('2024-11-06 14:17:26.515', 'elcollinz@gmail.com', 'Collins', '6e110a22-f3df-4eae-9a5a-b8edfc350d39', 'Charles', '$2b$10$lT.GEdKIOLHsRl6Uea2md.3VKa1kyeGDa/SbRkp1Btq6nkb.9jrv2', '+2347054675026', '2024-11-06 14:17:26.515') - Table 'sql5742991.users' doesn't exist\n    at UserService.<anonymous> (C:\\Users\\Collins\\Desktop\\demo_wallet\\src\\services\\userService.ts:40:15)\n    at Generator.throw (<anonymous>)\n    at rejected (C:\\Users\\Collins\\Desktop\\demo_wallet\\src\\services\\userService.ts:7:65)\n    at processTicksAndRejections (node:internal/process/task_queues:95:5)","timestamp":"2024-11-06T13:17:26.987Z"}
{"level":"info","message":"::1 - - [06/Nov/2024:13:17:26 +0000] \"POST /api/v1/users HTTP/1.1\" 500 447 \"-\" \"PostmanRuntime/7.42.0\"","timestamp":"2024-11-06T13:17:26.991Z"}
{"level":"info","message":"Server is running on port 5000","timestamp":"2024-11-06T13:20:56.188Z"}
{"level":"info","message":"Server is running on port 5000","timestamp":"2024-11-06T13:21:50.077Z"}
{"level":"info","message":"Server is running on port 5000","timestamp":"2024-11-06T13:23:10.412Z"}
{"level":"error","message":"Error: Failed to create user: insert into `users` (`createdAt`, `email`, `firstName`, `id`, `lastName`, `password`, `phoneNumber`, `updatedAt`) values ('2024-11-06 14:23:13.353', 'elcollinz@gmail.com', 'Collins', 'bc27c700-e0e1-4889-abe3-5189fef9e087', 'Charles', '$2b$10$4qrXG7E7lOZszEa7yCK0uu/0tnsnjJDf9Ha6jJZCAbVpQgjRtVInu', '+2347054675026', '2024-11-06 14:23:13.353') - Table 'sql5742991.users' doesn't exist","stack":"Error: Failed to create user: insert into `users` (`createdAt`, `email`, `firstName`, `id`, `lastName`, `password`, `phoneNumber`, `updatedAt`) values ('2024-11-06 14:23:13.353', 'elcollinz@gmail.com', 'Collins', 'bc27c700-e0e1-4889-abe3-5189fef9e087', 'Charles', '$2b$10$4qrXG7E7lOZszEa7yCK0uu/0tnsnjJDf9Ha6jJZCAbVpQgjRtVInu', '+2347054675026', '2024-11-06 14:23:13.353') - Table 'sql5742991.users' doesn't exist\n    at UserService.<anonymous> (C:\\Users\\Collins\\Desktop\\demo_wallet\\src\\services\\userService.ts:40:15)\n    at Generator.throw (<anonymous>)\n    at rejected (C:\\Users\\Collins\\Desktop\\demo_wallet\\src\\services\\userService.ts:7:65)\n    at processTicksAndRejections (node:internal/process/task_queues:95:5)","timestamp":"2024-11-06T13:23:13.788Z"}
{"level":"info","message":"::1 - - [06/Nov/2024:13:23:13 +0000] \"POST /api/v1/users HTTP/1.1\" 500 447 \"-\" \"PostmanRuntime/7.42.0\"","timestamp":"2024-11-06T13:23:13.796Z"}
{"level":"info","message":"Server is running on port 5000","timestamp":"2024-11-06T13:23:33.989Z"}
{"level":"info","message":"Server is running on port 5000","timestamp":"2024-11-06T13:24:22.549Z"}
{"level":"info","message":"Server is running on port 5000","timestamp":"2024-11-06T13:26:22.456Z"}
{"level":"info","message":"Server is running on port 5000","timestamp":"2024-11-06T13:26:59.395Z"}
{"level":"info","message":"Server is running on port 5000","timestamp":"2024-11-06T13:27:14.664Z"}
{"level":"info","message":"Server is running on port 5000","timestamp":"2024-11-06T13:27:34.871Z"}
{"level":"error","message":"Error: Failed to create user: insert into `users` (`createdAt`, `email`, `firstName`, `id`, `lastName`, `password`, `phoneNumber`, `updatedAt`) values ('2024-11-06 14:27:48.858', 'elcollinz@gmail.com', 'Collins', '538f192e-3cf7-4356-8d1e-74e65cfb09bd', 'Charles', '$2b$10$CyXljPpHrjFIzlmBUcQwcuyKAp4D6tau9aI08M.uWGdRp369S/2Uu', '+2347054675026', '2024-11-06 14:27:48.858') - Table 'sql5742991.users' doesn't exist","stack":"Error: Failed to create user: insert into `users` (`createdAt`, `email`, `firstName`, `id`, `lastName`, `password`, `phoneNumber`, `updatedAt`) values ('2024-11-06 14:27:48.858', 'elcollinz@gmail.com', 'Collins', '538f192e-3cf7-4356-8d1e-74e65cfb09bd', 'Charles', '$2b$10$CyXljPpHrjFIzlmBUcQwcuyKAp4D6tau9aI08M.uWGdRp369S/2Uu', '+2347054675026', '2024-11-06 14:27:48.858') - Table 'sql5742991.users' doesn't exist\n    at UserService.<anonymous> (C:\\Users\\Collins\\Desktop\\demo_wallet\\src\\services\\userService.ts:40:15)\n    at Generator.throw (<anonymous>)\n    at rejected (C:\\Users\\Collins\\Desktop\\demo_wallet\\src\\services\\userService.ts:7:65)\n    at processTicksAndRejections (node:internal/process/task_queues:95:5)","timestamp":"2024-11-06T13:27:49.349Z"}
{"level":"info","message":"::1 - - [06/Nov/2024:13:27:49 +0000] \"POST /api/v1/users HTTP/1.1\" 500 447 \"-\" \"PostmanRuntime/7.42.0\"","timestamp":"2024-11-06T13:27:49.357Z"}
{"level":"info","message":"Server is running on port 5000","timestamp":"2024-11-06T13:28:25.127Z"}
{"level":"info","message":"Server is running on port 5000","timestamp":"2024-11-06T13:29:24.849Z"}
{"level":"info","message":"Server is running on port 5000","timestamp":"2024-11-06T13:30:24.711Z"}
{"level":"info","message":"Server is running on port 5000","timestamp":"2024-11-06T13:31:09.275Z"}
{"level":"info","message":"Server is running on port 5000","timestamp":"2024-11-06T13:31:24.846Z"}
{"level":"info","message":"Server is running on port 5000","timestamp":"2024-11-06T13:32:21.726Z"}
{"level":"info","message":"Server is running on port 5000","timestamp":"2024-11-06T13:32:48.874Z"}
{"level":"info","message":"Server is running on port 5000","timestamp":"2024-11-06T13:33:17.671Z"}
